Analysis & Synthesis report for lab3
Sat Oct 30 22:13:08 2021
Quartus Prime Version 20.1.1 Build 720 11/11/2020 SJ Lite Edition


---------------------
; Table of Contents ;
---------------------
  1. Legal Notice
  2. Analysis & Synthesis Summary
  3. Analysis & Synthesis Settings
  4. Parallel Compilation
  5. Analysis & Synthesis Source Files Read
  6. Analysis & Synthesis Resource Usage Summary
  7. Analysis & Synthesis Resource Utilization by Entity
  8. General Register Statistics
  9. Port Connectivity Checks: "multiplexer:m4"
 10. Port Connectivity Checks: "multiplexer:m3"
 11. Port Connectivity Checks: "multiplexer:m2"
 12. Port Connectivity Checks: "rcsubtractor:rs|fulladder:ad4"
 13. Port Connectivity Checks: "rcsubtractor:rs|fulladder:ad3"
 14. Port Connectivity Checks: "rcsubtractor:rs|fulladder:ad2"
 15. Port Connectivity Checks: "rcsubtractor:rs|fulladder:ad1"
 16. Port Connectivity Checks: "ripplecarry:rc"
 17. Post-Synthesis Netlist Statistics for Top Partition
 18. Elapsed Time Per Partition
 19. Analysis & Synthesis Messages



----------------
; Legal Notice ;
----------------
Copyright (C) 2020  Intel Corporation. All rights reserved.
Your use of Intel Corporation's design tools, logic functions 
and other software and tools, and any partner logic 
functions, and any output files from any of the foregoing 
(including device programming or simulation files), and any 
associated documentation or information are expressly subject 
to the terms and conditions of the Intel Program License 
Subscription Agreement, the Intel Quartus Prime License Agreement,
the Intel FPGA IP License Agreement, or other applicable license
agreement, including, without limitation, that your use is for
the sole purpose of programming logic devices manufactured by
Intel and sold by Intel or its authorized distributors.  Please
refer to the applicable agreement for further details, at
https://fpgasoftware.intel.com/eula.



+----------------------------------------------------------------------------------+
; Analysis & Synthesis Summary                                                     ;
+------------------------------------+---------------------------------------------+
; Analysis & Synthesis Status        ; Successful - Sat Oct 30 22:13:08 2021       ;
; Quartus Prime Version              ; 20.1.1 Build 720 11/11/2020 SJ Lite Edition ;
; Revision Name                      ; lab3                                        ;
; Top-level Entity Name              ; lab3                                        ;
; Family                             ; MAX 10                                      ;
; Total logic elements               ; 40                                          ;
;     Total combinational functions  ; 40                                          ;
;     Dedicated logic registers      ; 0                                           ;
; Total registers                    ; 0                                           ;
; Total pins                         ; 33                                          ;
; Total virtual pins                 ; 0                                           ;
; Total memory bits                  ; 0                                           ;
; Embedded Multiplier 9-bit elements ; 0                                           ;
; Total PLLs                         ; 0                                           ;
; UFM blocks                         ; 0                                           ;
; ADC blocks                         ; 0                                           ;
+------------------------------------+---------------------------------------------+


+------------------------------------------------------------------------------------------------------------+
; Analysis & Synthesis Settings                                                                              ;
+------------------------------------------------------------------+--------------------+--------------------+
; Option                                                           ; Setting            ; Default Value      ;
+------------------------------------------------------------------+--------------------+--------------------+
; Device                                                           ; 10M50DAF484C6GES   ;                    ;
; Top-level entity name                                            ; lab3               ; lab3               ;
; Family name                                                      ; MAX 10             ; Cyclone V          ;
; Use smart compilation                                            ; Off                ; Off                ;
; Enable parallel Assembler and Timing Analyzer during compilation ; On                 ; On                 ;
; Enable compact report table                                      ; Off                ; Off                ;
; Restructure Multiplexers                                         ; Auto               ; Auto               ;
; Create Debugging Nodes for IP Cores                              ; Off                ; Off                ;
; Preserve fewer node names                                        ; On                 ; On                 ;
; Intel FPGA IP Evaluation Mode                                    ; Enable             ; Enable             ;
; Verilog Version                                                  ; Verilog_2001       ; Verilog_2001       ;
; VHDL Version                                                     ; VHDL_1993          ; VHDL_1993          ;
; State Machine Processing                                         ; Auto               ; Auto               ;
; Safe State Machine                                               ; Off                ; Off                ;
; Extract Verilog State Machines                                   ; On                 ; On                 ;
; Extract VHDL State Machines                                      ; On                 ; On                 ;
; Ignore Verilog initial constructs                                ; Off                ; Off                ;
; Iteration limit for constant Verilog loops                       ; 5000               ; 5000               ;
; Iteration limit for non-constant Verilog loops                   ; 250                ; 250                ;
; Add Pass-Through Logic to Inferred RAMs                          ; On                 ; On                 ;
; Infer RAMs from Raw Logic                                        ; On                 ; On                 ;
; Parallel Synthesis                                               ; On                 ; On                 ;
; DSP Block Balancing                                              ; Auto               ; Auto               ;
; NOT Gate Push-Back                                               ; On                 ; On                 ;
; Power-Up Don't Care                                              ; On                 ; On                 ;
; Remove Redundant Logic Cells                                     ; Off                ; Off                ;
; Remove Duplicate Registers                                       ; On                 ; On                 ;
; Ignore CARRY Buffers                                             ; Off                ; Off                ;
; Ignore CASCADE Buffers                                           ; Off                ; Off                ;
; Ignore GLOBAL Buffers                                            ; Off                ; Off                ;
; Ignore ROW GLOBAL Buffers                                        ; Off                ; Off                ;
; Ignore LCELL Buffers                                             ; Off                ; Off                ;
; Ignore SOFT Buffers                                              ; On                 ; On                 ;
; Limit AHDL Integers to 32 Bits                                   ; Off                ; Off                ;
; Optimization Technique                                           ; Balanced           ; Balanced           ;
; Carry Chain Length                                               ; 70                 ; 70                 ;
; Auto Carry Chains                                                ; On                 ; On                 ;
; Auto Open-Drain Pins                                             ; On                 ; On                 ;
; Perform WYSIWYG Primitive Resynthesis                            ; Off                ; Off                ;
; Auto ROM Replacement                                             ; On                 ; On                 ;
; Auto RAM Replacement                                             ; On                 ; On                 ;
; Auto DSP Block Replacement                                       ; On                 ; On                 ;
; Auto Shift Register Replacement                                  ; Auto               ; Auto               ;
; Allow Shift Register Merging across Hierarchies                  ; Auto               ; Auto               ;
; Auto Clock Enable Replacement                                    ; On                 ; On                 ;
; Strict RAM Replacement                                           ; Off                ; Off                ;
; Allow Synchronous Control Signals                                ; On                 ; On                 ;
; Force Use of Synchronous Clear Signals                           ; Off                ; Off                ;
; Auto RAM Block Balancing                                         ; On                 ; On                 ;
; Auto RAM to Logic Cell Conversion                                ; Off                ; Off                ;
; Auto Resource Sharing                                            ; Off                ; Off                ;
; Allow Any RAM Size For Recognition                               ; Off                ; Off                ;
; Allow Any ROM Size For Recognition                               ; Off                ; Off                ;
; Allow Any Shift Register Size For Recognition                    ; Off                ; Off                ;
; Use LogicLock Constraints during Resource Balancing              ; On                 ; On                 ;
; Ignore translate_off and synthesis_off directives                ; Off                ; Off                ;
; Timing-Driven Synthesis                                          ; On                 ; On                 ;
; Report Parameter Settings                                        ; On                 ; On                 ;
; Report Source Assignments                                        ; On                 ; On                 ;
; Report Connectivity Checks                                       ; On                 ; On                 ;
; Ignore Maximum Fan-Out Assignments                               ; Off                ; Off                ;
; Synchronization Register Chain Length                            ; 2                  ; 2                  ;
; Power Optimization During Synthesis                              ; Normal compilation ; Normal compilation ;
; HDL message level                                                ; Level2             ; Level2             ;
; Suppress Register Optimization Related Messages                  ; Off                ; Off                ;
; Number of Removed Registers Reported in Synthesis Report         ; 5000               ; 5000               ;
; Number of Swept Nodes Reported in Synthesis Report               ; 5000               ; 5000               ;
; Number of Inverted Registers Reported in Synthesis Report        ; 100                ; 100                ;
; Clock MUX Protection                                             ; On                 ; On                 ;
; Auto Gated Clock Conversion                                      ; Off                ; Off                ;
; Block Design Naming                                              ; Auto               ; Auto               ;
; SDC constraint protection                                        ; Off                ; Off                ;
; Synthesis Effort                                                 ; Auto               ; Auto               ;
; Shift Register Replacement - Allow Asynchronous Clear Signal     ; On                 ; On                 ;
; Pre-Mapping Resynthesis Optimization                             ; Off                ; Off                ;
; Analysis & Synthesis Message Level                               ; Medium             ; Medium             ;
; Disable Register Merging Across Hierarchies                      ; Auto               ; Auto               ;
; Resource Aware Inference For Block RAM                           ; On                 ; On                 ;
+------------------------------------------------------------------+--------------------+--------------------+


+------------------------------------------+
; Parallel Compilation                     ;
+----------------------------+-------------+
; Processors                 ; Number      ;
+----------------------------+-------------+
; Number detected on machine ; 8           ;
; Maximum allowed            ; 4           ;
;                            ;             ;
; Average used               ; 1.00        ;
; Maximum used               ; 1           ;
;                            ;             ;
; Usage by Processor         ; % Time Used ;
;     Processor 1            ; 100.0%      ;
+----------------------------+-------------+


+-------------------------------------------------------------------------------------------------------------------------------+
; Analysis & Synthesis Source Files Read                                                                                        ;
+----------------------------------+-----------------+------------------------+---------------------------------------+---------+
; File Name with User-Entered Path ; Used in Netlist ; File Type              ; File Name with Absolute Path          ; Library ;
+----------------------------------+-----------------+------------------------+---------------------------------------+---------+
; lab3.v                           ; yes             ; User Verilog HDL File  ; C:/intelFPGA_lite/lab3/lab3.v         ;         ;
; fulladder.v                      ; yes             ; User Verilog HDL File  ; C:/intelFPGA_lite/lab3/fulladder.v    ;         ;
; decoder.v                        ; yes             ; User Verilog HDL File  ; C:/intelFPGA_lite/lab3/decoder.v      ;         ;
; ripplecarry.v                    ; yes             ; User Verilog HDL File  ; C:/intelFPGA_lite/lab3/ripplecarry.v  ;         ;
; signdecoder.v                    ; yes             ; User Verilog HDL File  ; C:/intelFPGA_lite/lab3/signdecoder.v  ;         ;
; rcsubtractor.v                   ; yes             ; User Verilog HDL File  ; C:/intelFPGA_lite/lab3/rcsubtractor.v ;         ;
; multiplexer.v                    ; yes             ; User Verilog HDL File  ; C:/intelFPGA_lite/lab3/multiplexer.v  ;         ;
+----------------------------------+-----------------+------------------------+---------------------------------------+---------+


+-----------------------------------------------------------+
; Analysis & Synthesis Resource Usage Summary               ;
+---------------------------------------------+-------------+
; Resource                                    ; Usage       ;
+---------------------------------------------+-------------+
; Estimated Total logic elements              ; 40          ;
;                                             ;             ;
; Total combinational functions               ; 40          ;
; Logic element usage by number of LUT inputs ;             ;
;     -- 4 input functions                    ; 33          ;
;     -- 3 input functions                    ; 5           ;
;     -- <=2 input functions                  ; 2           ;
;                                             ;             ;
; Logic elements by mode                      ;             ;
;     -- normal mode                          ; 40          ;
;     -- arithmetic mode                      ; 0           ;
;                                             ;             ;
; Total registers                             ; 0           ;
;     -- Dedicated logic registers            ; 0           ;
;     -- I/O registers                        ; 0           ;
;                                             ;             ;
; I/O pins                                    ; 33          ;
;                                             ;             ;
; Embedded Multiplier 9-bit elements          ; 0           ;
;                                             ;             ;
; Maximum fan-out node                        ; a0[0]~input ;
; Maximum fan-out                             ; 12          ;
; Total fan-out                               ; 208         ;
; Average fan-out                             ; 1.96        ;
+---------------------------------------------+-------------+


+--------------------------------------------------------------------------------------------------------------------------------------------------------------------------------------------------------------------------------------------------------+
; Analysis & Synthesis Resource Utilization by Entity                                                                                                                                                                                                    ;
+----------------------------+---------------------+---------------------------+-------------+------------+--------------+---------+-----------+------+--------------+------------+----------------------------------------+--------------+--------------+
; Compilation Hierarchy Node ; Combinational ALUTs ; Dedicated Logic Registers ; Memory Bits ; UFM Blocks ; DSP Elements ; DSP 9x9 ; DSP 18x18 ; Pins ; Virtual Pins ; ADC blocks ; Full Hierarchy Name                    ; Entity Name  ; Library Name ;
+----------------------------+---------------------+---------------------------+-------------+------------+--------------+---------+-----------+------+--------------+------------+----------------------------------------+--------------+--------------+
; |lab3                      ; 40 (0)              ; 0 (0)                     ; 0           ; 0          ; 0            ; 0       ; 0         ; 33   ; 0            ; 0          ; |lab3                                  ; lab3         ; work         ;
;    |decoder:input1|        ; 7 (7)               ; 0 (0)                     ; 0           ; 0          ; 0            ; 0       ; 0         ; 0    ; 0            ; 0          ; |lab3|decoder:input1                   ; decoder      ; work         ;
;    |decoder:input2|        ; 7 (7)               ; 0 (0)                     ; 0           ; 0          ; 0            ; 0       ; 0         ; 0    ; 0            ; 0          ; |lab3|decoder:input2                   ; decoder      ; work         ;
;    |decoder:output1|       ; 7 (7)               ; 0 (0)                     ; 0           ; 0          ; 0            ; 0       ; 0         ; 0    ; 0            ; 0          ; |lab3|decoder:output1                  ; decoder      ; work         ;
;    |multiplexer:m1|        ; 6 (6)               ; 0 (0)                     ; 0           ; 0          ; 0            ; 0       ; 0         ; 0    ; 0            ; 0          ; |lab3|multiplexer:m1                   ; multiplexer  ; work         ;
;    |multiplexer:m2|        ; 1 (1)               ; 0 (0)                     ; 0           ; 0          ; 0            ; 0       ; 0         ; 0    ; 0            ; 0          ; |lab3|multiplexer:m2                   ; multiplexer  ; work         ;
;    |multiplexer:m4|        ; 1 (1)               ; 0 (0)                     ; 0           ; 0          ; 0            ; 0       ; 0         ; 0    ; 0            ; 0          ; |lab3|multiplexer:m4                   ; multiplexer  ; work         ;
;    |rcsubtractor:rs|       ; 5 (1)               ; 0 (0)                     ; 0           ; 0          ; 0            ; 0       ; 0         ; 0    ; 0            ; 0          ; |lab3|rcsubtractor:rs                  ; rcsubtractor ; work         ;
;       |fulladder:ad2|      ; 1 (1)               ; 0 (0)                     ; 0           ; 0          ; 0            ; 0       ; 0         ; 0    ; 0            ; 0          ; |lab3|rcsubtractor:rs|fulladder:ad2    ; fulladder    ; work         ;
;       |fulladder:adder2|   ; 1 (1)               ; 0 (0)                     ; 0           ; 0          ; 0            ; 0       ; 0         ; 0    ; 0            ; 0          ; |lab3|rcsubtractor:rs|fulladder:adder2 ; fulladder    ; work         ;
;       |fulladder:adder3|   ; 1 (1)               ; 0 (0)                     ; 0           ; 0          ; 0            ; 0       ; 0         ; 0    ; 0            ; 0          ; |lab3|rcsubtractor:rs|fulladder:adder3 ; fulladder    ; work         ;
;       |fulladder:adder4|   ; 1 (1)               ; 0 (0)                     ; 0           ; 0          ; 0            ; 0       ; 0         ; 0    ; 0            ; 0          ; |lab3|rcsubtractor:rs|fulladder:adder4 ; fulladder    ; work         ;
;    |ripplecarry:rc|        ; 6 (1)               ; 0 (0)                     ; 0           ; 0          ; 0            ; 0       ; 0         ; 0    ; 0            ; 0          ; |lab3|ripplecarry:rc                   ; ripplecarry  ; work         ;
;       |fulladder:adder1|   ; 3 (3)               ; 0 (0)                     ; 0           ; 0          ; 0            ; 0       ; 0         ; 0    ; 0            ; 0          ; |lab3|ripplecarry:rc|fulladder:adder1  ; fulladder    ; work         ;
;       |fulladder:adder2|   ; 1 (1)               ; 0 (0)                     ; 0           ; 0          ; 0            ; 0       ; 0         ; 0    ; 0            ; 0          ; |lab3|ripplecarry:rc|fulladder:adder2  ; fulladder    ; work         ;
;       |fulladder:adder3|   ; 1 (1)               ; 0 (0)                     ; 0           ; 0          ; 0            ; 0       ; 0         ; 0    ; 0            ; 0          ; |lab3|ripplecarry:rc|fulladder:adder3  ; fulladder    ; work         ;
+----------------------------+---------------------+---------------------------+-------------+------------+--------------+---------+-----------+------+--------------+------------+----------------------------------------+--------------+--------------+
Note: For table entries with two numbers listed, the numbers in parentheses indicate the number of resources of the given type used by the specific entity alone. The numbers listed outside of parentheses indicate the total resources of the given type used by the specific entity and all of its sub-entities in the hierarchy.


+------------------------------------------------------+
; General Register Statistics                          ;
+----------------------------------------------+-------+
; Statistic                                    ; Value ;
+----------------------------------------------+-------+
; Total registers                              ; 0     ;
; Number of registers using Synchronous Clear  ; 0     ;
; Number of registers using Synchronous Load   ; 0     ;
; Number of registers using Asynchronous Clear ; 0     ;
; Number of registers using Asynchronous Load  ; 0     ;
; Number of registers using Clock Enable       ; 0     ;
; Number of registers using Preset             ; 0     ;
+----------------------------------------------+-------+


+------------------------------------------------------------------------------------------------------------------------------------------------------------------------+
; Port Connectivity Checks: "multiplexer:m4"                                                                                                                             ;
+--------+--------+----------+-------------------------------------------------------------------------------------------------------------------------------------------+
; Port   ; Type   ; Severity ; Details                                                                                                                                   ;
+--------+--------+----------+-------------------------------------------------------------------------------------------------------------------------------------------+
; a      ; Input  ; Warning  ; Input port expression (1 bits) is smaller than the input port (4 bits) it drives.  Extra input bit(s) "a[3..1]" will be connected to GND. ;
; b      ; Input  ; Warning  ; Input port expression (1 bits) is smaller than the input port (4 bits) it drives.  Extra input bit(s) "b[3..1]" will be connected to GND. ;
; result ; Output ; Warning  ; Output or bidir port (4 bits) is wider than the port expression (1 bits) it drives; bit(s) "result[3..1]" have no fanouts                 ;
+--------+--------+----------+-------------------------------------------------------------------------------------------------------------------------------------------+


+------------------------------------------------------------------------------------------------------------------------------------------------------------------------+
; Port Connectivity Checks: "multiplexer:m3"                                                                                                                             ;
+--------+--------+----------+-------------------------------------------------------------------------------------------------------------------------------------------+
; Port   ; Type   ; Severity ; Details                                                                                                                                   ;
+--------+--------+----------+-------------------------------------------------------------------------------------------------------------------------------------------+
; a      ; Input  ; Warning  ; Input port expression (1 bits) is smaller than the input port (4 bits) it drives.  Extra input bit(s) "a[3..1]" will be connected to GND. ;
; b      ; Input  ; Warning  ; Input port expression (1 bits) is smaller than the input port (4 bits) it drives.  Extra input bit(s) "b[3..1]" will be connected to GND. ;
; result ; Output ; Warning  ; Output or bidir port (4 bits) is wider than the port expression (1 bits) it drives; bit(s) "result[3..1]" have no fanouts                 ;
+--------+--------+----------+-------------------------------------------------------------------------------------------------------------------------------------------+


+------------------------------------------------------------------------------------------------------------------------------------------------------------------------+
; Port Connectivity Checks: "multiplexer:m2"                                                                                                                             ;
+--------+--------+----------+-------------------------------------------------------------------------------------------------------------------------------------------+
; Port   ; Type   ; Severity ; Details                                                                                                                                   ;
+--------+--------+----------+-------------------------------------------------------------------------------------------------------------------------------------------+
; a      ; Input  ; Warning  ; Input port expression (1 bits) is smaller than the input port (4 bits) it drives.  Extra input bit(s) "a[3..1]" will be connected to GND. ;
; b      ; Input  ; Warning  ; Input port expression (1 bits) is smaller than the input port (4 bits) it drives.  Extra input bit(s) "b[3..1]" will be connected to GND. ;
; result ; Output ; Warning  ; Output or bidir port (4 bits) is wider than the port expression (1 bits) it drives; bit(s) "result[3..1]" have no fanouts                 ;
+--------+--------+----------+-------------------------------------------------------------------------------------------------------------------------------------------+


+-----------------------------------------------------------------------------------------------------------------+
; Port Connectivity Checks: "rcsubtractor:rs|fulladder:ad4"                                                       ;
+-------+--------+----------+-------------------------------------------------------------------------------------+
; Port  ; Type   ; Severity ; Details                                                                             ;
+-------+--------+----------+-------------------------------------------------------------------------------------+
; a1bit ; Input  ; Info     ; Stuck at GND                                                                        ;
; cout  ; Output ; Info     ; Connected to dangling logic. Logic that only feeds a dangling port will be removed. ;
+-------+--------+----------+-------------------------------------------------------------------------------------+


+-----------------------------------------------------------+
; Port Connectivity Checks: "rcsubtractor:rs|fulladder:ad3" ;
+-------+-------+----------+--------------------------------+
; Port  ; Type  ; Severity ; Details                        ;
+-------+-------+----------+--------------------------------+
; a1bit ; Input ; Info     ; Stuck at GND                   ;
+-------+-------+----------+--------------------------------+


+-----------------------------------------------------------+
; Port Connectivity Checks: "rcsubtractor:rs|fulladder:ad2" ;
+-------+-------+----------+--------------------------------+
; Port  ; Type  ; Severity ; Details                        ;
+-------+-------+----------+--------------------------------+
; a1bit ; Input ; Info     ; Stuck at GND                   ;
+-------+-------+----------+--------------------------------+


+-----------------------------------------------------------+
; Port Connectivity Checks: "rcsubtractor:rs|fulladder:ad1" ;
+------+-------+----------+---------------------------------+
; Port ; Type  ; Severity ; Details                         ;
+------+-------+----------+---------------------------------+
; cin  ; Input ; Info     ; Stuck at GND                    ;
+------+-------+----------+---------------------------------+


+----------------------------------------------------------------------------------------------------------------+
; Port Connectivity Checks: "ripplecarry:rc"                                                                     ;
+------+--------+----------+-------------------------------------------------------------------------------------+
; Port ; Type   ; Severity ; Details                                                                             ;
+------+--------+----------+-------------------------------------------------------------------------------------+
; cout ; Output ; Info     ; Connected to dangling logic. Logic that only feeds a dangling port will be removed. ;
+------+--------+----------+-------------------------------------------------------------------------------------+


+-----------------------------------------------------+
; Post-Synthesis Netlist Statistics for Top Partition ;
+-----------------------+-----------------------------+
; Type                  ; Count                       ;
+-----------------------+-----------------------------+
; boundary_port         ; 33                          ;
; cycloneiii_lcell_comb ; 40                          ;
;     normal            ; 40                          ;
;         2 data inputs ; 2                           ;
;         3 data inputs ; 5                           ;
;         4 data inputs ; 33                          ;
;                       ;                             ;
; Max LUT depth         ; 8.00                        ;
; Average LUT depth     ; 5.14                        ;
+-----------------------+-----------------------------+


+-------------------------------+
; Elapsed Time Per Partition    ;
+----------------+--------------+
; Partition Name ; Elapsed Time ;
+----------------+--------------+
; Top            ; 00:00:00     ;
+----------------+--------------+


+-------------------------------+
; Analysis & Synthesis Messages ;
+-------------------------------+
Info: *******************************************************************
Info: Running Quartus Prime Analysis & Synthesis
    Info: Version 20.1.1 Build 720 11/11/2020 SJ Lite Edition
    Info: Processing started: Sat Oct 30 22:12:52 2021
Info: Command: quartus_map --read_settings_files=on --write_settings_files=off lab3 -c lab3
Info (125069): Default assignment values were changed in the current version of the Quartus Prime software -- changes to default assignments values are contained in file c:/intelfpga_lite/20.1/quartus/bin64/assignment_defaults.qdf
Warning (18236): Number of processors has not been specified which may cause overloading on shared machines.  Set the global assignment NUM_PARALLEL_PROCESSORS in your QSF to an appropriate value for best performance.
Info (20030): Parallel compilation is enabled and will use 4 of the 4 processors detected
Info (12021): Found 1 design units, including 1 entities, in source file de10_lite_golden_top.v
    Info (12023): Found entity 1: DE10_LITE_Golden_Top File: C:/intelFPGA_lite/lab3/DE10_LITE_Golden_Top.v Line: 29
Info (12021): Found 1 design units, including 1 entities, in source file lab3.v
    Info (12023): Found entity 1: lab3 File: C:/intelFPGA_lite/lab3/lab3.v Line: 4
Info (12021): Found 1 design units, including 1 entities, in source file fulladder.v
    Info (12023): Found entity 1: fulladder File: C:/intelFPGA_lite/lab3/fulladder.v Line: 3
Info (12021): Found 1 design units, including 1 entities, in source file decoder.v
    Info (12023): Found entity 1: decoder File: C:/intelFPGA_lite/lab3/decoder.v Line: 2
Info (12021): Found 1 design units, including 1 entities, in source file ripplecarry.v
    Info (12023): Found entity 1: ripplecarry File: C:/intelFPGA_lite/lab3/ripplecarry.v Line: 3
Info (12021): Found 2 design units, including 2 entities, in source file signdecoder.v
    Info (12023): Found entity 1: adddecoder File: C:/intelFPGA_lite/lab3/signdecoder.v Line: 4
    Info (12023): Found entity 2: minusdecoder File: C:/intelFPGA_lite/lab3/signdecoder.v Line: 24
Warning (10463): Verilog HDL Declaration warning at rcsubtractor.v(7): "final" is SystemVerilog-2005 keyword File: C:/intelFPGA_lite/lab3/rcsubtractor.v Line: 7
Info (12021): Found 1 design units, including 1 entities, in source file rcsubtractor.v
    Info (12023): Found entity 1: rcsubtractor File: C:/intelFPGA_lite/lab3/rcsubtractor.v Line: 3
Info (12021): Found 1 design units, including 1 entities, in source file multiplexer.v
    Info (12023): Found entity 1: multiplexer File: C:/intelFPGA_lite/lab3/multiplexer.v Line: 3
Warning (10236): Verilog HDL Implicit Net warning at lab3.v(27): created implicit net for "coe1" File: C:/intelFPGA_lite/lab3/lab3.v Line: 27
Warning (10236): Verilog HDL Implicit Net warning at lab3.v(27): created implicit net for "cof1" File: C:/intelFPGA_lite/lab3/lab3.v Line: 27
Warning (10236): Verilog HDL Implicit Net warning at lab3.v(27): created implicit net for "cog1" File: C:/intelFPGA_lite/lab3/lab3.v Line: 27
Warning (10236): Verilog HDL Implicit Net warning at lab3.v(29): created implicit net for "coe2" File: C:/intelFPGA_lite/lab3/lab3.v Line: 29
Warning (10236): Verilog HDL Implicit Net warning at lab3.v(29): created implicit net for "cof2" File: C:/intelFPGA_lite/lab3/lab3.v Line: 29
Warning (10236): Verilog HDL Implicit Net warning at lab3.v(29): created implicit net for "cog2" File: C:/intelFPGA_lite/lab3/lab3.v Line: 29
Critical Warning (10846): Verilog HDL Instantiation warning at ripplecarry.v(26): instance has no name File: C:/intelFPGA_lite/lab3/ripplecarry.v Line: 26
Info (12127): Elaborating entity "lab3" for the top level hierarchy
Info (12128): Elaborating entity "decoder" for hierarchy "decoder:input1" File: C:/intelFPGA_lite/lab3/lab3.v Line: 23
Info (12128): Elaborating entity "ripplecarry" for hierarchy "ripplecarry:rc" File: C:/intelFPGA_lite/lab3/lab3.v Line: 27
Info (12128): Elaborating entity "fulladder" for hierarchy "ripplecarry:rc|fulladder:adder1" File: C:/intelFPGA_lite/lab3/ripplecarry.v Line: 21
Info (12128): Elaborating entity "adddecoder" for hierarchy "ripplecarry:rc|adddecoder:comb_7" File: C:/intelFPGA_lite/lab3/ripplecarry.v Line: 26
Info (12128): Elaborating entity "rcsubtractor" for hierarchy "rcsubtractor:rs" File: C:/intelFPGA_lite/lab3/lab3.v Line: 29
Info (12128): Elaborating entity "minusdecoder" for hierarchy "rcsubtractor:rs|minusdecoder:md1" File: C:/intelFPGA_lite/lab3/rcsubtractor.v Line: 61
Info (12128): Elaborating entity "multiplexer" for hierarchy "multiplexer:m1" File: C:/intelFPGA_lite/lab3/lab3.v Line: 31
Warning (12241): 3 hierarchies have connectivity warnings - see the Connectivity Checks report folder
Info (286030): Timing-Driven Synthesis is running
Info (16010): Generating hard_block partition "hard_block:auto_generated_inst"
    Info (16011): Adding 0 node(s), including 0 DDIO, 0 PLL, 0 transceiver and 0 LCELL
Info (21057): Implemented 73 device resources after synthesis - the final resource count might be different
    Info (21058): Implemented 9 input pins
    Info (21059): Implemented 24 output pins
    Info (21061): Implemented 40 logic cells
Info: Quartus Prime Analysis & Synthesis was successful. 0 errors, 10 warnings
    Info: Peak virtual memory: 4742 megabytes
    Info: Processing ended: Sat Oct 30 22:13:08 2021
    Info: Elapsed time: 00:00:16
    Info: Total CPU time (on all processors): 00:00:19


